android/build/intermediates/manifest_merge_blame_file/release/manifest-merger-blame-release-report.txt
1<?xml version="1.0" encoding="utf-8"?>
2<manifest xmlns:android="http://schemas.android.com/apk/res/android"
3    package="dungeons.without.dragons"
4    android:versionCode="1"
5    android:versionName="1.0" >
6
7    <uses-sdk
8        android:minSdkVersion="14"
8-->DungeonsWithoutDragons\android\AndroidManifest.xml
9        android:targetSdkVersion="30" />
9-->DungeonsWithoutDragons\android\AndroidManifest.xml
10
11    <application
11-->DungeonsWithoutDragons\android\AndroidManifest.xml:5:5-26:19
12        android:allowBackup="true"
12-->DungeonsWithoutDragons\android\AndroidManifest.xml:6:9-35
13        android:appCategory="game"
13-->DungeonsWithoutDragons\android\AndroidManifest.xml:9:9-35
14        android:icon="@drawable/ic_launcher"
14-->DungeonsWithoutDragons\android\AndroidManifest.xml:7:9-45
15        android:isGame="true"
15-->DungeonsWithoutDragons\android\AndroidManifest.xml:8:9-30
16        android:label="@string/app_name"
16-->DungeonsWithoutDragons\android\AndroidManifest.xml:10:9-41
17        android:theme="@style/GdxTheme" >
17-->DungeonsWithoutDragons\android\AndroidManifest.xml:11:9-40
18        <activity
18-->DungeonsWithoutDragons\android\AndroidManifest.xml:13:9-24:20
19            android:name="dungeons.without.dragons.AndroidLauncher"
19-->DungeonsWithoutDragons\android\AndroidManifest.xml:14:13-68
20            android:configChanges="keyboard|keyboardHidden|navigation|orientation|screenSize|screenLayout"
20-->DungeonsWithoutDragons\android\AndroidManifest.xml:17:13-107
21            android:label="@string/app_name"
21-->DungeonsWithoutDragons\android\AndroidManifest.xml:15:13-45
22            android:screenOrientation="landscape" >
22-->DungeonsWithoutDragons\android\AndroidManifest.xml:16:13-50
23            <intent-filter>
23-->DungeonsWithoutDragons\android\AndroidManifest.xml:19:13-22:29
24                <action android:name="android.intent.action.MAIN" />
24-->DungeonsWithoutDragons\android\AndroidManifest.xml:20:17-69
24-->DungeonsWithoutDragons\android\AndroidManifest.xml:20:25-66
25
26                <category android:name="android.intent.category.LAUNCHER" />
26-->DungeonsWithoutDragons\android\AndroidManifest.xml:21:17-77
26-->DungeonsWithoutDragons\android\AndroidManifest.xml:21:27-74
27            </intent-filter>
28        </activity>
29    </application>
30
31</manifest>